build/app/intermediates/manifest_merge_blame_file/debug/manifest-merger-blame-debug-report.txt
1<?xml version="1.0" encoding="utf-8"?>
2<manifest xmlns:android="http://schemas.android.com/apk/res/android"
3    package="com.example.dfdfdfdf"
4    android:versionCode="1"
5    android:versionName="1.0.0" >
6
7    <uses-sdk
8        android:minSdkVersion="21"
9        android:targetSdkVersion="33" />
10    <!--
11         The INTERNET permission is required for development. Specifically,
12         the Flutter tool needs it to communicate with the running application
13         to allow setting breakpoints, to provide hot reload, etc.
14    -->
15    <uses-permission android:name="android.permission.INTERNET" />
15-->src/debug/AndroidManifest.xml:6:5-66
15-->src/debug/AndroidManifest.xml:6:22-64
16    <uses-permission android:name="android.permission.ACCESS_NETWORK_STATE" />
16-->[io.ably:ably-android:1.2.28] AndroidManifest.xml:11:5-79
16-->[io.ably:ably-android:1.2.28] AndroidManifest.xml:11:22-76
17    <uses-permission android:name="android.permission.WAKE_LOCK" /> <!-- Required by older versions of Google Play services to create IID tokens -->
17-->[com.google.firebase:firebase-messaging:23.0.4] AndroidManifest.xml:26:5-68
17-->[com.google.firebase:firebase-messaging:23.0.4] AndroidManifest.xml:26:22-65
18    <uses-permission android:name="com.google.android.c2dm.permission.RECEIVE" />
18-->[com.google.firebase:firebase-messaging:23.0.4] AndroidManifest.xml:28:5-82
18-->[com.google.firebase:firebase-messaging:23.0.4] AndroidManifest.xml:28:22-79
19
20    <application
21        android:name="android.app.Application"
22        android:appComponentFactory="androidx.core.app.CoreComponentFactory"
22-->[androidx.core:core:1.6.0] AndroidManifest.xml:24:18-86
23        android:debuggable="true"
24        android:icon="@mipmap/ic_launcher"
25        android:label="dfdfdfdf" >
26        <activity
27            android:name="com.example.dfdfdfdf.MainActivity"
28            android:configChanges="orientation|keyboardHidden|keyboard|screenSize|smallestScreenSize|locale|layoutDirection|fontScale|screenLayout|density|uiMode"
29            android:exported="true"
30            android:hardwareAccelerated="true"
31            android:launchMode="singleTop"
32            android:theme="@style/LaunchTheme"
33            android:windowSoftInputMode="adjustResize" >
34
35            <!--
36                 Specifies an Android theme to apply to this Activity as soon as
37                 the Android process has started. This theme is visible to the user
38                 while the Flutter UI initializes. After that, this theme continues
39                 to determine the Window background behind the Flutter UI.
40            -->
41            <meta-data
42                android:name="io.flutter.embedding.android.NormalTheme"
43                android:resource="@style/NormalTheme" />
44
45            <intent-filter>
46                <action android:name="android.intent.action.MAIN" />
47
48                <category android:name="android.intent.category.LAUNCHER" />
49            </intent-filter>
50        </activity>
51        <!--
52             Don't delete the meta-data below.
53             This is used by the Flutter tool to generate GeneratedPluginRegistrant.java
54        -->
55        <meta-data
56            android:name="flutterEmbedding"
57            android:value="2" />
58
59        <service
59-->[:ably_flutter] AndroidManifest.xml:10:9-16:19
60            android:name="io.ably.flutter.plugin.push.PushMessagingService"
60-->[:ably_flutter] AndroidManifest.xml:11:13-76
61            android:exported="false" >
61-->[:ably_flutter] AndroidManifest.xml:12:13-37
62            <intent-filter>
62-->[:ably_flutter] AndroidManifest.xml:13:13-15:29
63                <action android:name="com.google.firebase.MESSAGING_EVENT" />
63-->[:ably_flutter] AndroidManifest.xml:14:17-78
63-->[:ably_flutter] AndroidManifest.xml:14:25-75
64            </intent-filter>
65        </service>
66
67        <receiver
67-->[:ably_flutter] AndroidManifest.xml:18:9-25:20
68            android:name="io.ably.flutter.plugin.push.FirebaseMessagingReceiver"
68-->[:ably_flutter] AndroidManifest.xml:19:13-81
69            android:exported="true"
69-->[:ably_flutter] AndroidManifest.xml:20:13-36
70            android:permission="com.google.android.c2dm.permission.SEND" >
70-->[:ably_flutter] AndroidManifest.xml:21:13-73
71            <intent-filter>
71-->[:ably_flutter] AndroidManifest.xml:22:13-24:29
72                <action android:name="com.google.android.c2dm.intent.RECEIVE" />
72-->[:ably_flutter] AndroidManifest.xml:23:17-81
72-->[:ably_flutter] AndroidManifest.xml:23:25-78
73            </intent-filter>
74        </receiver>
75
76        <uses-library
76-->[androidx.window:window:1.0.0-beta04] AndroidManifest.xml:25:9-27:40
77            android:name="androidx.window.extensions"
77-->[androidx.window:window:1.0.0-beta04] AndroidManifest.xml:26:13-54
78            android:required="false" />
78-->[androidx.window:window:1.0.0-beta04] AndroidManifest.xml:27:13-37
79        <uses-library
79-->[androidx.window:window:1.0.0-beta04] AndroidManifest.xml:28:9-30:40
80            android:name="androidx.window.sidecar"
80-->[androidx.window:window:1.0.0-beta04] AndroidManifest.xml:29:13-51
81            android:required="false" />
81-->[androidx.window:window:1.0.0-beta04] AndroidManifest.xml:30:13-37
82
83        <receiver
83-->[com.google.firebase:firebase-messaging:23.0.4] AndroidManifest.xml:31:9-38:20
84            android:name="com.google.firebase.iid.FirebaseInstanceIdReceiver"
84-->[com.google.firebase:firebase-messaging:23.0.4] AndroidManifest.xml:32:13-78
85            android:exported="true"
85-->[com.google.firebase:firebase-messaging:23.0.4] AndroidManifest.xml:33:13-36
86            android:permission="com.google.android.c2dm.permission.SEND" >
86-->[com.google.firebase:firebase-messaging:23.0.4] AndroidManifest.xml:34:13-73
87            <intent-filter>
87-->[:ably_flutter] AndroidManifest.xml:22:13-24:29
88                <action android:name="com.google.android.c2dm.intent.RECEIVE" />
88-->[:ably_flutter] AndroidManifest.xml:23:17-81
88-->[:ably_flutter] AndroidManifest.xml:23:25-78
89            </intent-filter>
90        </receiver>
91        <!--
92             FirebaseMessagingService performs security checks at runtime,
93             but set to not exported to explicitly avoid allowing another app to call it.
94        -->
95        <service
95-->[com.google.firebase:firebase-messaging:23.0.4] AndroidManifest.xml:44:9-51:19
96            android:name="com.google.firebase.messaging.FirebaseMessagingService"
96-->[com.google.firebase:firebase-messaging:23.0.4] AndroidManifest.xml:45:13-82
97            android:directBootAware="true"
97-->[com.google.firebase:firebase-messaging:23.0.4] AndroidManifest.xml:46:13-43
98            android:exported="false" >
98-->[com.google.firebase:firebase-messaging:23.0.4] AndroidManifest.xml:47:13-37
99            <intent-filter android:priority="-500" >
99-->[:ably_flutter] AndroidManifest.xml:13:13-15:29
100                <action android:name="com.google.firebase.MESSAGING_EVENT" />
100-->[:ably_flutter] AndroidManifest.xml:14:17-78
100-->[:ably_flutter] AndroidManifest.xml:14:25-75
101            </intent-filter>
102        </service>
103        <service
103-->[com.google.firebase:firebase-messaging:23.0.4] AndroidManifest.xml:52:9-58:19
104            android:name="com.google.firebase.components.ComponentDiscoveryService"
104-->[com.google.firebase:firebase-messaging:23.0.4] AndroidManifest.xml:53:13-84
105            android:directBootAware="true"
105-->[com.google.firebase:firebase-common:20.1.1] AndroidManifest.xml:35:13-43
106            android:exported="false" >
106-->[com.google.firebase:firebase-messaging:23.0.4] AndroidManifest.xml:54:13-37
107            <meta-data
107-->[com.google.firebase:firebase-messaging:23.0.4] AndroidManifest.xml:55:13-57:85
108                android:name="com.google.firebase.components:com.google.firebase.messaging.FirebaseMessagingRegistrar"
108-->[com.google.firebase:firebase-messaging:23.0.4] AndroidManifest.xml:56:17-119
109                android:value="com.google.firebase.components.ComponentRegistrar" />
109-->[com.google.firebase:firebase-messaging:23.0.4] AndroidManifest.xml:57:17-82
110            <meta-data
110-->[com.google.firebase:firebase-datatransport:18.1.3] AndroidManifest.xml:28:13-30:85
111                android:name="com.google.firebase.components:com.google.firebase.datatransport.TransportRegistrar"
111-->[com.google.firebase:firebase-datatransport:18.1.3] AndroidManifest.xml:29:17-115
112                android:value="com.google.firebase.components.ComponentRegistrar" />
112-->[com.google.firebase:firebase-datatransport:18.1.3] AndroidManifest.xml:30:17-82
113            <meta-data
113-->[com.google.firebase:firebase-installations:17.0.1] AndroidManifest.xml:18:13-20:85
114                android:name="com.google.firebase.components:com.google.firebase.installations.FirebaseInstallationsRegistrar"
114-->[com.google.firebase:firebase-installations:17.0.1] AndroidManifest.xml:19:17-127
115                android:value="com.google.firebase.components.ComponentRegistrar" />
115-->[com.google.firebase:firebase-installations:17.0.1] AndroidManifest.xml:20:17-82
116        </service>
117
118        <activity
118-->[com.google.android.gms:play-services-base:18.0.1] AndroidManifest.xml:20:9-22:45
119            android:name="com.google.android.gms.common.api.GoogleApiActivity"
119-->[com.google.android.gms:play-services-base:18.0.1] AndroidManifest.xml:20:19-85
120            android:exported="false"
120-->[com.google.android.gms:play-services-base:18.0.1] AndroidManifest.xml:22:19-43
121            android:theme="@android:style/Theme.Translucent.NoTitleBar" />
121-->[com.google.android.gms:play-services-base:18.0.1] AndroidManifest.xml:21:19-78
122
123        <provider
123-->[com.google.firebase:firebase-common:20.1.1] AndroidManifest.xml:26:9-31:39
124            android:name="com.google.firebase.provider.FirebaseInitProvider"
124-->[com.google.firebase:firebase-common:20.1.1] AndroidManifest.xml:27:13-77
125            android:authorities="com.example.dfdfdfdf.firebaseinitprovider"
125-->[com.google.firebase:firebase-common:20.1.1] AndroidManifest.xml:28:13-72
126            android:directBootAware="true"
126-->[com.google.firebase:firebase-common:20.1.1] AndroidManifest.xml:29:13-43
127            android:exported="false"
127-->[com.google.firebase:firebase-common:20.1.1] AndroidManifest.xml:30:13-37
128            android:initOrder="100" />
128-->[com.google.firebase:firebase-common:20.1.1] AndroidManifest.xml:31:13-36
129
130        <meta-data
130-->[com.google.android.gms:play-services-basement:18.0.0] AndroidManifest.xml:21:9-23:69
131            android:name="com.google.android.gms.version"
131-->[com.google.android.gms:play-services-basement:18.0.0] AndroidManifest.xml:22:13-58
132            android:value="@integer/google_play_services_version" />
132-->[com.google.android.gms:play-services-basement:18.0.0] AndroidManifest.xml:23:13-66
133
134        <service
134-->[com.google.android.datatransport:transport-backend-cct:3.1.4] AndroidManifest.xml:29:9-35:19
135            android:name="com.google.android.datatransport.runtime.backends.TransportBackendDiscovery"
135-->[com.google.android.datatransport:transport-backend-cct:3.1.4] AndroidManifest.xml:30:13-103
136            android:exported="false" >
136-->[com.google.android.datatransport:transport-backend-cct:3.1.4] AndroidManifest.xml:31:13-37
137            <meta-data
137-->[com.google.android.datatransport:transport-backend-cct:3.1.4] AndroidManifest.xml:32:13-34:39
138                android:name="backend:com.google.android.datatransport.cct.CctBackendFactory"
138-->[com.google.android.datatransport:transport-backend-cct:3.1.4] AndroidManifest.xml:33:17-94
139                android:value="cct" />
139-->[com.google.android.datatransport:transport-backend-cct:3.1.4] AndroidManifest.xml:34:17-36
140        </service>
141        <service
141-->[com.google.android.datatransport:transport-runtime:3.1.4] AndroidManifest.xml:26:9-30:19
142            android:name="com.google.android.datatransport.runtime.scheduling.jobscheduling.JobInfoSchedulerService"
142-->[com.google.android.datatransport:transport-runtime:3.1.4] AndroidManifest.xml:27:13-117
143            android:exported="false"
143-->[com.google.android.datatransport:transport-runtime:3.1.4] AndroidManifest.xml:28:13-37
144            android:permission="android.permission.BIND_JOB_SERVICE" >
144-->[com.google.android.datatransport:transport-runtime:3.1.4] AndroidManifest.xml:29:13-69
145        </service>
146
147        <receiver
147-->[com.google.android.datatransport:transport-runtime:3.1.4] AndroidManifest.xml:32:9-34:40
148            android:name="com.google.android.datatransport.runtime.scheduling.jobscheduling.AlarmManagerSchedulerBroadcastReceiver"
148-->[com.google.android.datatransport:transport-runtime:3.1.4] AndroidManifest.xml:33:13-132
149            android:exported="false" />
149-->[com.google.android.datatransport:transport-runtime:3.1.4] AndroidManifest.xml:34:13-37
150    </application>
151
152</manifest>